[debug] [2022-08-15T11:39:42.147Z] ----------------------------------------------------------------------
[debug] [2022-08-15T11:39:42.149Z] Command:       /usr/local/Cellar/node/18.4.0/bin/node /usr/local/bin/firebase functions:shell
[debug] [2022-08-15T11:39:42.149Z] CLI Version:   11.6.0
[debug] [2022-08-15T11:39:42.149Z] Platform:      darwin
[debug] [2022-08-15T11:39:42.149Z] Node Version:  v18.4.0
[debug] [2022-08-15T11:39:42.151Z] Time:          Mon Aug 15 2022 16:39:42 GMT+0500 (Pakistan Standard Time)
[debug] [2022-08-15T11:39:42.151Z] ----------------------------------------------------------------------
[debug] 
[debug] [2022-08-15T11:39:42.220Z] > command requires scopes: ["email","openid","https://www.googleapis.com/auth/cloudplatformprojects.readonly","https://www.googleapis.com/auth/firebase","https://www.googleapis.com/auth/cloud-platform"]
[debug] [2022-08-15T11:39:42.220Z] > authorizing via signed-in user (awaisyasin154@gmail.com)
[debug] [2022-08-15T11:39:42.221Z] [iam] checking project company-website-9e5ef for permissions ["firebase.projects.get"]
[debug] [2022-08-15T11:39:42.223Z] >>> [apiv2][query] POST https://cloudresourcemanager.googleapis.com/v1/projects/company-website-9e5ef:testIamPermissions [none]
[debug] [2022-08-15T11:39:42.223Z] >>> [apiv2][(partial)header] POST https://cloudresourcemanager.googleapis.com/v1/projects/company-website-9e5ef:testIamPermissions x-goog-quota-user=projects/company-website-9e5ef
[debug] [2022-08-15T11:39:42.223Z] >>> [apiv2][body] POST https://cloudresourcemanager.googleapis.com/v1/projects/company-website-9e5ef:testIamPermissions {"permissions":["firebase.projects.get"]}
[debug] [2022-08-15T11:39:44.124Z] <<< [apiv2][status] POST https://cloudresourcemanager.googleapis.com/v1/projects/company-website-9e5ef:testIamPermissions 200
[debug] [2022-08-15T11:39:44.125Z] <<< [apiv2][body] POST https://cloudresourcemanager.googleapis.com/v1/projects/company-website-9e5ef:testIamPermissions {"permissions":["firebase.projects.get"]}
[warn] ⚠  Your requested "node" version "16" doesn't match your global version "18". Using node@18 from host. {"metadata":{"emulator":{"name":"functions"},"message":"Your requested \"node\" version \"16\" doesn't match your global version \"18\". Using node@18 from host."}}
[debug] [2022-08-15T11:39:44.173Z] defaultcredentials: writing to file /Users/macbook/.config/firebase/awaisyasin154_gmail_com_application_default_credentials.json
[debug] [2022-08-15T11:39:44.178Z] DEBUG: Setting GAC to /Users/macbook/.config/firebase/awaisyasin154_gmail_com_application_default_credentials.json
[debug] [2022-08-15T11:39:44.179Z] >>> [apiv2][query] GET https://firebase.googleapis.com/v1beta1/projects/company-website-9e5ef/adminSdkConfig [none]
[debug] [2022-08-15T11:39:45.296Z] <<< [apiv2][status] GET https://firebase.googleapis.com/v1beta1/projects/company-website-9e5ef/adminSdkConfig 200
[debug] [2022-08-15T11:39:45.296Z] <<< [apiv2][body] GET https://firebase.googleapis.com/v1beta1/projects/company-website-9e5ef/adminSdkConfig {"projectId":"company-website-9e5ef","storageBucket":"company-website-9e5ef.appspot.com"}
[debug] [2022-08-15T11:39:45.312Z] [functions] Watching "/Volumes/work/Projects/company-website/functions" for Cloud Functions...
[debug] [2022-08-15T11:39:45.320Z] Validating nodejs source
